<?xml version="1.0" encoding="UTF-8"?>
<!-- Generated by org.testng.reporters.JUnitXMLReporter -->
<testsuite ignored="2" hostname="LAPTOP-E49GIO4I" failures="0" tests="1" name="Default test" time="507.777" errors="0" timestamp="2023-12-18T11:35:17 EST">
  <testcase classname="tests.HomePageTest" name="getDiabetesRecipesToAdd" time="493.873"/>
  <testcase classname="tests.HomePageTest" name="diabeticRecipesTest" time="0.0">
    <ignored/>
  </testcase> <!-- diabeticRecipesTest -->
  <testcase classname="tests.HomePageTest" name="validateUserLandingHomePageTest" time="0.0">
    <ignored/>
  </testcase> <!-- validateUserLandingHomePageTest -->
</testsuite> <!-- Default test -->
