<?xml version="1.0" encoding="UTF-8"?>
<!-- Generated by org.testng.reporters.JUnitXMLReporter -->
<testsuite ignored="3" hostname="Clements-MacBook-Air.local" failures="0" tests="1" name="Default test" time="2684.556" errors="0" timestamp="2023-12-19T16:09:43 EST">
  <testcase classname="tests.HomePageTest" name="PCOSreceipesToAdd" time="2674.591"/>
  <testcase classname="tests.HomePageTest" name="validateUserLandingHomePageTest" time="0.0">
    <ignored/>
  </testcase> <!-- validateUserLandingHomePageTest -->
  <testcase classname="tests.HomePageTest" name="PCOSAllergyFiltered" time="0.0">
    <ignored/>
  </testcase> <!-- PCOSAllergyFiltered -->
  <testcase classname="tests.HomePageTest" name="PCOSAfterEliminationReceipes" time="0.0">
    <ignored/>
  </testcase> <!-- PCOSAfterEliminationReceipes -->
</testsuite> <!-- Default test -->
