<?xml version="1.0" encoding="UTF-8"?>
<testng-results ignored="3" total="4" passed="1" failed="0" skipped="0">
  <reporter-output>
  </reporter-output>
  <suite started-at="2023-12-19T15:24:59 EST" name="Default suite" finished-at="2023-12-19T16:09:43 EST" duration-ms="2684556">
    <groups>
    </groups>
    <test started-at="2023-12-19T15:24:59 EST" name="Default test" finished-at="2023-12-19T16:09:43 EST" duration-ms="2684556">
      <class name="tests.HomePageTest">
        <test-method is-config="true" signature="setup()[pri:0, instance:tests.HomePageTest@7133da86]" started-at="2023-12-19T15:24:59 EST" name="setup" finished-at="2023-12-19T15:25:08 EST" duration-ms="9885" status="PASS">
          <reporter-output>
          </reporter-output>
        </test-method> <!-- setup -->
        <test-method signature="PCOSreceipesToAdd()[pri:3, instance:tests.HomePageTest@7133da86]" started-at="2023-12-19T15:25:08 EST" name="PCOSreceipesToAdd" finished-at="2023-12-19T16:09:43 EST" duration-ms="2674591" status="PASS">
          <reporter-output>
          </reporter-output>
        </test-method> <!-- PCOSreceipesToAdd -->
      </class> <!-- tests.HomePageTest -->
    </test> <!-- Default test -->
  </suite> <!-- Default suite -->
</testng-results>
